2018-03-03 22:12:27,316 [http-bio-8084-exec-7] [org.springframework.web.servlet.DispatcherServlet]-[DEBUG] Null ModelAndView returned to DispatcherServlet with name 'taotao-sso': assuming HandlerAdapter completed request handling
2018-03-03 22:12:27,316 [http-bio-8084-exec-7] [org.springframework.web.servlet.DispatcherServlet]-[DEBUG] Successfully completed request
2018-03-03 22:12:28,598 [http-bio-8084-exec-7] [org.springframework.web.servlet.DispatcherServlet]-[DEBUG] DispatcherServlet with name 'taotao-sso' processing GET request for [/user/token/cc528a7e-af37-4468-af09-bed56273be84]
2018-03-03 22:12:28,598 [http-bio-8084-exec-7] [org.springframework.web.servlet.mvc.method.annotation.RequestMappingHandlerMapping]-[DEBUG] Looking up handler method for path /user/token/cc528a7e-af37-4468-af09-bed56273be84
2018-03-03 22:12:28,599 [http-bio-8084-exec-7] [org.springframework.web.servlet.mvc.method.annotation.RequestMappingHandlerMapping]-[DEBUG] Returning handler method [public java.lang.Object com.taotao.sso.controller.UserController.getUserByToken(java.lang.String,java.lang.String)]
2018-03-03 22:12:28,599 [http-bio-8084-exec-7] [org.springframework.beans.factory.support.DefaultListableBeanFactory]-[DEBUG] Returning cached instance of singleton bean 'userController'
2018-03-03 22:12:28,599 [http-bio-8084-exec-7] [org.springframework.web.servlet.DispatcherServlet]-[DEBUG] Last-Modified value for [/user/token/cc528a7e-af37-4468-af09-bed56273be84] is: -1
2018-03-03 22:12:28,602 [http-bio-8084-exec-7] [org.springframework.web.servlet.mvc.method.annotation.ResponseBodyAdviceChain]-[DEBUG] Invoking ResponseBodyAdvice chain for body=org.springframework.http.converter.json.MappingJacksonValue@7552ce1
2018-03-03 22:12:28,602 [http-bio-8084-exec-7] [org.springframework.web.servlet.mvc.method.annotation.ResponseBodyAdviceChain]-[DEBUG] After ResponseBodyAdvice chain body=org.springframework.http.converter.json.MappingJacksonValue@7552ce1
2018-03-03 22:12:28,602 [http-bio-8084-exec-7] [org.springframework.web.servlet.mvc.method.annotation.RequestResponseBodyMethodProcessor]-[DEBUG] Written [org.springframework.http.converter.json.MappingJacksonValue@7552ce1] as "application/json;charset=UTF-8" using [org.springframework.http.converter.json.MappingJackson2HttpMessageConverter@683a44e1]
2018-03-03 22:12:28,602 [http-bio-8084-exec-7] [org.springframework.web.servlet.DispatcherServlet]-[DEBUG] Null ModelAndView returned to DispatcherServlet with name 'taotao-sso': assuming HandlerAdapter completed request handling
2018-03-03 22:12:28,602 [http-bio-8084-exec-7] [org.springframework.web.servlet.DispatcherServlet]-[DEBUG] Successfully completed request
2018-03-03 22:13:20,137 [http-bio-8084-exec-7] [org.springframework.web.servlet.DispatcherServlet]-[DEBUG] DispatcherServlet with name 'taotao-sso' processing GET request for [/user/logout.html]
2018-03-03 22:13:20,137 [http-bio-8084-exec-7] [org.springframework.web.servlet.mvc.method.annotation.RequestMappingHandlerMapping]-[DEBUG] Looking up handler method for path /user/logout.html
2018-03-03 22:13:20,137 [http-bio-8084-exec-7] [org.springframework.web.servlet.mvc.method.annotation.RequestMappingHandlerMapping]-[DEBUG] Did not find handler method for [/user/logout.html]
2018-03-03 22:13:20,137 [http-bio-8084-exec-7] [org.springframework.web.servlet.PageNotFound]-[WARN] No mapping found for HTTP request with URI [/user/logout.html] in DispatcherServlet with name 'taotao-sso'
2018-03-03 22:13:20,138 [http-bio-8084-exec-7] [org.springframework.web.servlet.DispatcherServlet]-[DEBUG] Successfully completed request
2018-03-03 22:13:35,110 [http-bio-8084-exec-7] [org.springframework.web.servlet.DispatcherServlet]-[DEBUG] DispatcherServlet with name 'taotao-sso' processing GET request for [/user/token/cc528a7e-af37-4468-af09-bed56273be84]
2018-03-03 22:13:35,110 [http-bio-8084-exec-7] [org.springframework.web.servlet.mvc.method.annotation.RequestMappingHandlerMapping]-[DEBUG] Looking up handler method for path /user/token/cc528a7e-af37-4468-af09-bed56273be84
2018-03-03 22:13:35,110 [http-bio-8084-exec-7] [org.springframework.web.servlet.mvc.method.annotation.RequestMappingHandlerMapping]-[DEBUG] Returning handler method [public java.lang.Object com.taotao.sso.controller.UserController.getUserByToken(java.lang.String,java.lang.String)]
2018-03-03 22:13:35,110 [http-bio-8084-exec-7] [org.springframework.beans.factory.support.DefaultListableBeanFactory]-[DEBUG] Returning cached instance of singleton bean 'userController'
2018-03-03 22:13:35,110 [http-bio-8084-exec-7] [org.springframework.web.servlet.DispatcherServlet]-[DEBUG] Last-Modified value for [/user/token/cc528a7e-af37-4468-af09-bed56273be84] is: -1
2018-03-03 22:13:35,112 [http-bio-8084-exec-7] [org.springframework.web.servlet.mvc.method.annotation.ResponseBodyAdviceChain]-[DEBUG] Invoking ResponseBodyAdvice chain for body=org.springframework.http.converter.json.MappingJacksonValue@93e0b7f
2018-03-03 22:13:35,113 [http-bio-8084-exec-7] [org.springframework.web.servlet.mvc.method.annotation.ResponseBodyAdviceChain]-[DEBUG] After ResponseBodyAdvice chain body=org.springframework.http.converter.json.MappingJacksonValue@93e0b7f
2018-03-03 22:13:35,113 [http-bio-8084-exec-7] [org.springframework.web.servlet.mvc.method.annotation.RequestResponseBodyMethodProcessor]-[DEBUG] Written [org.springframework.http.converter.json.MappingJacksonValue@93e0b7f] as "application/json;charset=UTF-8" using [org.springframework.http.converter.json.MappingJackson2HttpMessageConverter@683a44e1]
2018-03-03 22:13:35,113 [http-bio-8084-exec-7] [org.springframework.web.servlet.DispatcherServlet]-[DEBUG] Null ModelAndView returned to DispatcherServlet with name 'taotao-sso': assuming HandlerAdapter completed request handling
2018-03-03 22:13:35,113 [http-bio-8084-exec-7] [org.springframework.web.servlet.DispatcherServlet]-[DEBUG] Successfully completed request
2018-03-03 22:13:42,699 [http-bio-8084-exec-7] [org.springframework.web.servlet.DispatcherServlet]-[DEBUG] DispatcherServlet with name 'taotao-sso' processing GET request for [/user/token/cc528a7e-af37-4468-af09-bed56273be84]
2018-03-03 22:13:42,699 [http-bio-8084-exec-7] [org.springframework.web.servlet.mvc.method.annotation.RequestMappingHandlerMapping]-[DEBUG] Looking up handler method for path /user/token/cc528a7e-af37-4468-af09-bed56273be84
2018-03-03 22:13:42,699 [http-bio-8084-exec-7] [org.springframework.web.servlet.mvc.method.annotation.RequestMappingHandlerMapping]-[DEBUG] Returning handler method [public java.lang.Object com.taotao.sso.controller.UserController.getUserByToken(java.lang.String,java.lang.String)]
2018-03-03 22:13:42,699 [http-bio-8084-exec-7] [org.springframework.beans.factory.support.DefaultListableBeanFactory]-[DEBUG] Returning cached instance of singleton bean 'userController'
2018-03-03 22:13:42,699 [http-bio-8084-exec-7] [org.springframework.web.servlet.DispatcherServlet]-[DEBUG] Last-Modified value for [/user/token/cc528a7e-af37-4468-af09-bed56273be84] is: -1
2018-03-03 22:13:42,702 [http-bio-8084-exec-7] [org.springframework.web.servlet.mvc.method.annotation.ResponseBodyAdviceChain]-[DEBUG] Invoking ResponseBodyAdvice chain for body=org.springframework.http.converter.json.MappingJacksonValue@1801cb99
2018-03-03 22:13:42,702 [http-bio-8084-exec-7] [org.springframework.web.servlet.mvc.method.annotation.ResponseBodyAdviceChain]-[DEBUG] After ResponseBodyAdvice chain body=org.springframework.http.converter.json.MappingJacksonValue@1801cb99
2018-03-03 22:13:42,702 [http-bio-8084-exec-7] [org.springframework.web.servlet.mvc.method.annotation.RequestResponseBodyMethodProcessor]-[DEBUG] Written [org.springframework.http.converter.json.MappingJacksonValue@1801cb99] as "application/json;charset=UTF-8" using [org.springframework.http.converter.json.MappingJackson2HttpMessageConverter@683a44e1]
2018-03-03 22:13:42,702 [http-bio-8084-exec-7] [org.springframework.web.servlet.DispatcherServlet]-[DEBUG] Null ModelAndView returned to DispatcherServlet with name 'taotao-sso': assuming HandlerAdapter completed request handling
2018-03-03 22:13:42,702 [http-bio-8084-exec-7] [org.springframework.web.servlet.DispatcherServlet]-[DEBUG] Successfully completed request
2018-03-03 22:13:43,783 [http-bio-8084-exec-7] [org.springframework.web.servlet.DispatcherServlet]-[DEBUG] DispatcherServlet with name 'taotao-sso' processing GET request for [/user/logout.html]
2018-03-03 22:13:43,783 [http-bio-8084-exec-7] [org.springframework.web.servlet.mvc.method.annotation.RequestMappingHandlerMapping]-[DEBUG] Looking up handler method for path /user/logout.html
2018-03-03 22:13:43,783 [http-bio-8084-exec-7] [org.springframework.web.servlet.mvc.method.annotation.RequestMappingHandlerMapping]-[DEBUG] Did not find handler method for [/user/logout.html]
2018-03-03 22:13:43,784 [http-bio-8084-exec-7] [org.springframework.web.servlet.PageNotFound]-[WARN] No mapping found for HTTP request with URI [/user/logout.html] in DispatcherServlet with name 'taotao-sso'
2018-03-03 22:13:43,784 [http-bio-8084-exec-7] [org.springframework.web.servlet.DispatcherServlet]-[DEBUG] Successfully completed request
2018-03-03 22:14:04,102 [http-bio-8084-exec-7] [org.springframework.web.servlet.DispatcherServlet]-[DEBUG] DispatcherServlet with name 'taotao-sso' processing GET request for [/user/logout]
2018-03-03 22:14:04,102 [http-bio-8084-exec-7] [org.springframework.web.servlet.mvc.method.annotation.RequestMappingHandlerMapping]-[DEBUG] Looking up handler method for path /user/logout
2018-03-03 22:14:04,102 [http-bio-8084-exec-7] [org.springframework.web.servlet.mvc.method.annotation.RequestMappingHandlerMapping]-[DEBUG] Did not find handler method for [/user/logout]
2018-03-03 22:14:04,102 [http-bio-8084-exec-7] [org.springframework.web.servlet.PageNotFound]-[WARN] No mapping found for HTTP request with URI [/user/logout] in DispatcherServlet with name 'taotao-sso'
2018-03-03 22:14:04,102 [http-bio-8084-exec-7] [org.springframework.web.servlet.DispatcherServlet]-[DEBUG] Successfully completed request
2018-03-03 22:14:09,685 [http-bio-8084-exec-7] [org.springframework.web.servlet.DispatcherServlet]-[DEBUG] DispatcherServlet with name 'taotao-sso' processing GET request for [/user/logout]
2018-03-03 22:14:09,686 [http-bio-8084-exec-7] [org.springframework.web.servlet.mvc.method.annotation.RequestMappingHandlerMapping]-[DEBUG] Looking up handler method for path /user/logout
2018-03-03 22:14:09,686 [http-bio-8084-exec-7] [org.springframework.web.servlet.mvc.method.annotation.RequestMappingHandlerMapping]-[DEBUG] Did not find handler method for [/user/logout]
2018-03-03 22:14:09,686 [http-bio-8084-exec-7] [org.springframework.web.servlet.PageNotFound]-[WARN] No mapping found for HTTP request with URI [/user/logout] in DispatcherServlet with name 'taotao-sso'
2018-03-03 22:14:09,686 [http-bio-8084-exec-7] [org.springframework.web.servlet.DispatcherServlet]-[DEBUG] Successfully completed request
2018-03-03 22:15:31,258 [http-bio-8084-exec-6] [org.springframework.web.servlet.DispatcherServlet]-[DEBUG] DispatcherServlet with name 'taotao-sso' processing GET request for [/page/login]
2018-03-03 22:15:31,259 [http-bio-8084-exec-6] [org.springframework.web.servlet.mvc.method.annotation.RequestMappingHandlerMapping]-[DEBUG] Looking up handler method for path /page/login
2018-03-03 22:15:31,259 [http-bio-8084-exec-6] [org.springframework.web.servlet.mvc.method.annotation.RequestMappingHandlerMapping]-[DEBUG] Returning handler method [public java.lang.String com.taotao.sso.controller.PageController.showLogin(java.lang.String,org.springframework.ui.Model)]
2018-03-03 22:15:31,259 [http-bio-8084-exec-6] [org.springframework.beans.factory.support.DefaultListableBeanFactory]-[DEBUG] Returning cached instance of singleton bean 'pageController'
2018-03-03 22:15:31,259 [http-bio-8084-exec-6] [org.springframework.web.servlet.DispatcherServlet]-[DEBUG] Last-Modified value for [/page/login] is: -1
2018-03-03 22:15:31,259 [http-bio-8084-exec-6] [org.springframework.web.servlet.DispatcherServlet]-[DEBUG] Rendering view [org.springframework.web.servlet.view.InternalResourceView: name 'login'; URL [/WEB-INF/jsp/login.jsp]] in DispatcherServlet with name 'taotao-sso'
2018-03-03 22:15:31,259 [http-bio-8084-exec-6] [org.springframework.web.servlet.view.InternalResourceView]-[DEBUG] Removed model object 'redirect' from request in view with name 'login'
2018-03-03 22:15:31,260 [http-bio-8084-exec-6] [org.springframework.web.servlet.view.InternalResourceView]-[DEBUG] Forwarding to resource [/WEB-INF/jsp/login.jsp] in InternalResourceView 'login'
2018-03-03 22:15:31,261 [http-bio-8084-exec-6] [org.springframework.web.servlet.DispatcherServlet]-[DEBUG] Successfully completed request
2018-03-03 22:15:31,279 [http-bio-8084-exec-6] [org.springframework.web.servlet.DispatcherServlet]-[DEBUG] DispatcherServlet with name 'taotao-sso' processing GET request for [/css/login.css]
2018-03-03 22:15:31,280 [http-bio-8084-exec-6] [org.springframework.web.servlet.mvc.method.annotation.RequestMappingHandlerMapping]-[DEBUG] Looking up handler method for path /css/login.css
2018-03-03 22:15:31,280 [http-bio-8084-exec-6] [org.springframework.web.servlet.mvc.method.annotation.RequestMappingHandlerMapping]-[DEBUG] Did not find handler method for [/css/login.css]
2018-03-03 22:15:31,281 [http-bio-8084-exec-6] [org.springframework.web.servlet.handler.SimpleUrlHandlerMapping]-[DEBUG] Matching patterns for request [/css/login.css] are [/css/**]
2018-03-03 22:15:31,281 [http-bio-8084-exec-6] [org.springframework.web.servlet.handler.SimpleUrlHandlerMapping]-[DEBUG] URI Template variables for request [/css/login.css] are {}
2018-03-03 22:15:31,281 [http-bio-8084-exec-6] [org.springframework.web.servlet.handler.SimpleUrlHandlerMapping]-[DEBUG] Mapping [/css/login.css] to HandlerExecutionChain with handler [ResourceHttpRequestHandler [locations=[ServletContext resource [/WEB-INF/css/]], resolvers=[org.springframework.web.servlet.resource.PathResourceResolver@12faa212]]] and 1 interceptor
2018-03-03 22:15:31,281 [http-bio-8084-exec-6] [org.springframework.web.servlet.DispatcherServlet]-[DEBUG] Last-Modified value for [/css/login.css] is: -1
2018-03-03 22:15:31,283 [http-bio-8084-exec-6] [org.springframework.web.servlet.DispatcherServlet]-[DEBUG] Null ModelAndView returned to DispatcherServlet with name 'taotao-sso': assuming HandlerAdapter completed request handling
2018-03-03 22:15:31,283 [http-bio-8084-exec-6] [org.springframework.web.servlet.DispatcherServlet]-[DEBUG] Successfully completed request
2018-03-03 22:15:31,283 [http-bio-8084-exec-10] [org.springframework.web.servlet.DispatcherServlet]-[DEBUG] DispatcherServlet with name 'taotao-sso' processing GET request for [/js/jquery-1.6.4.js]
2018-03-03 22:15:31,284 [http-bio-8084-exec-10] [org.springframework.web.servlet.mvc.method.annotation.RequestMappingHandlerMapping]-[DEBUG] Looking up handler method for path /js/jquery-1.6.4.js
2018-03-03 22:15:31,284 [http-bio-8084-exec-10] [org.springframework.web.servlet.mvc.method.annotation.RequestMappingHandlerMapping]-[DEBUG] Did not find handler method for [/js/jquery-1.6.4.js]
2018-03-03 22:15:31,285 [http-bio-8084-exec-10] [org.springframework.web.servlet.handler.SimpleUrlHandlerMapping]-[DEBUG] Matching patterns for request [/js/jquery-1.6.4.js] are [/js/**]
2018-03-03 22:15:31,285 [http-bio-8084-exec-10] [org.springframework.web.servlet.handler.SimpleUrlHandlerMapping]-[DEBUG] URI Template variables for request [/js/jquery-1.6.4.js] are {}
2018-03-03 22:15:31,285 [http-bio-8084-exec-10] [org.springframework.web.servlet.handler.SimpleUrlHandlerMapping]-[DEBUG] Mapping [/js/jquery-1.6.4.js] to HandlerExecutionChain with handler [ResourceHttpRequestHandler [locations=[ServletContext resource [/WEB-INF/js/]], resolvers=[org.springframework.web.servlet.resource.PathResourceResolver@46a91e41]]] and 1 interceptor
2018-03-03 22:15:31,286 [http-bio-8084-exec-10] [org.springframework.web.servlet.DispatcherServlet]-[DEBUG] Last-Modified value for [/js/jquery-1.6.4.js] is: -1
2018-03-03 22:15:31,286 [http-bio-8084-exec-6] [org.springframework.web.servlet.DispatcherServlet]-[DEBUG] DispatcherServlet with name 'taotao-sso' processing GET request for [/images/taotao-logo.gif]
2018-03-03 22:15:31,286 [http-bio-8084-exec-6] [org.springframework.web.servlet.mvc.method.annotation.RequestMappingHandlerMapping]-[DEBUG] Looking up handler method for path /images/taotao-logo.gif
2018-03-03 22:15:31,286 [http-bio-8084-exec-6] [org.springframework.web.servlet.mvc.method.annotation.RequestMappingHandlerMapping]-[DEBUG] Did not find handler method for [/images/taotao-logo.gif]
2018-03-03 22:15:31,287 [http-bio-8084-exec-6] [org.springframework.web.servlet.handler.SimpleUrlHandlerMapping]-[DEBUG] Matching patterns for request [/images/taotao-logo.gif] are [/images/**]
2018-03-03 22:15:31,287 [http-bio-8084-exec-6] [org.springframework.web.servlet.handler.SimpleUrlHandlerMapping]-[DEBUG] URI Template variables for request [/images/taotao-logo.gif] are {}
2018-03-03 22:15:31,287 [http-bio-8084-exec-6] [org.springframework.web.servlet.handler.SimpleUrlHandlerMapping]-[DEBUG] Mapping [/images/taotao-logo.gif] to HandlerExecutionChain with handler [ResourceHttpRequestHandler [locations=[ServletContext resource [/WEB-INF/images/]], resolvers=[org.springframework.web.servlet.resource.PathResourceResolver@3308e43e]]] and 1 interceptor
2018-03-03 22:15:31,287 [http-bio-8084-exec-6] [org.springframework.web.servlet.DispatcherServlet]-[DEBUG] Last-Modified value for [/images/taotao-logo.gif] is: -1
2018-03-03 22:15:31,288 [http-bio-8084-exec-6] [org.springframework.web.servlet.DispatcherServlet]-[DEBUG] Null ModelAndView returned to DispatcherServlet with name 'taotao-sso': assuming HandlerAdapter completed request handling
2018-03-03 22:15:31,288 [http-bio-8084-exec-6] [org.springframework.web.servlet.DispatcherServlet]-[DEBUG] Successfully completed request
2018-03-03 22:15:31,289 [http-bio-8084-exec-10] [org.springframework.web.servlet.DispatcherServlet]-[DEBUG] Null ModelAndView returned to DispatcherServlet with name 'taotao-sso': assuming HandlerAdapter completed request handling
2018-03-03 22:15:31,290 [http-bio-8084-exec-10] [org.springframework.web.servlet.DispatcherServlet]-[DEBUG] Successfully completed request
2018-03-03 22:15:31,311 [http-bio-8084-exec-10] [org.springframework.web.servlet.DispatcherServlet]-[DEBUG] DispatcherServlet with name 'taotao-sso' processing GET request for [/images/login-all-bg.png]
2018-03-03 22:15:31,311 [http-bio-8084-exec-6] [org.springframework.web.servlet.DispatcherServlet]-[DEBUG] DispatcherServlet with name 'taotao-sso' processing GET request for [/images/544a11d3Na5a3d566.png]
2018-03-03 22:15:31,311 [http-bio-8084-exec-10] [org.springframework.web.servlet.mvc.method.annotation.RequestMappingHandlerMapping]-[DEBUG] Looking up handler method for path /images/login-all-bg.png
2018-03-03 22:15:31,311 [http-bio-8084-exec-6] [org.springframework.web.servlet.mvc.method.annotation.RequestMappingHandlerMapping]-[DEBUG] Looking up handler method for path /images/544a11d3Na5a3d566.png
2018-03-03 22:15:31,311 [http-bio-8084-exec-10] [org.springframework.web.servlet.mvc.method.annotation.RequestMappingHandlerMapping]-[DEBUG] Did not find handler method for [/images/login-all-bg.png]
2018-03-03 22:15:31,311 [http-bio-8084-exec-6] [org.springframework.web.servlet.mvc.method.annotation.RequestMappingHandlerMapping]-[DEBUG] Did not find handler method for [/images/544a11d3Na5a3d566.png]
2018-03-03 22:15:31,311 [http-bio-8084-exec-10] [org.springframework.web.servlet.handler.SimpleUrlHandlerMapping]-[DEBUG] Matching patterns for request [/images/login-all-bg.png] are [/images/**]
2018-03-03 22:15:31,311 [http-bio-8084-exec-6] [org.springframework.web.servlet.handler.SimpleUrlHandlerMapping]-[DEBUG] Matching patterns for request [/images/544a11d3Na5a3d566.png] are [/images/**]
2018-03-03 22:15:31,311 [http-bio-8084-exec-10] [org.springframework.web.servlet.handler.SimpleUrlHandlerMapping]-[DEBUG] URI Template variables for request [/images/login-all-bg.png] are {}
2018-03-03 22:15:31,311 [http-bio-8084-exec-6] [org.springframework.web.servlet.handler.SimpleUrlHandlerMapping]-[DEBUG] URI Template variables for request [/images/544a11d3Na5a3d566.png] are {}
2018-03-03 22:15:31,311 [http-bio-8084-exec-10] [org.springframework.web.servlet.handler.SimpleUrlHandlerMapping]-[DEBUG] Mapping [/images/login-all-bg.png] to HandlerExecutionChain with handler [ResourceHttpRequestHandler [locations=[ServletContext resource [/WEB-INF/images/]], resolvers=[org.springframework.web.servlet.resource.PathResourceResolver@3308e43e]]] and 1 interceptor
2018-03-03 22:15:31,311 [http-bio-8084-exec-6] [org.springframework.web.servlet.handler.SimpleUrlHandlerMapping]-[DEBUG] Mapping [/images/544a11d3Na5a3d566.png] to HandlerExecutionChain with handler [ResourceHttpRequestHandler [locations=[ServletContext resource [/WEB-INF/images/]], resolvers=[org.springframework.web.servlet.resource.PathResourceResolver@3308e43e]]] and 1 interceptor
2018-03-03 22:15:31,311 [http-bio-8084-exec-10] [org.springframework.web.servlet.DispatcherServlet]-[DEBUG] Last-Modified value for [/images/login-all-bg.png] is: -1
2018-03-03 22:15:31,311 [http-bio-8084-exec-6] [org.springframework.web.servlet.DispatcherServlet]-[DEBUG] Last-Modified value for [/images/544a11d3Na5a3d566.png] is: -1
2018-03-03 22:15:31,312 [http-bio-8084-exec-10] [org.springframework.web.servlet.DispatcherServlet]-[DEBUG] Null ModelAndView returned to DispatcherServlet with name 'taotao-sso': assuming HandlerAdapter completed request handling
2018-03-03 22:15:31,312 [http-bio-8084-exec-10] [org.springframework.web.servlet.DispatcherServlet]-[DEBUG] Successfully completed request
2018-03-03 22:15:31,321 [http-bio-8084-exec-6] [org.springframework.web.servlet.DispatcherServlet]-[DEBUG] Null ModelAndView returned to DispatcherServlet with name 'taotao-sso': assuming HandlerAdapter completed request handling
2018-03-03 22:15:31,321 [http-bio-8084-exec-6] [org.springframework.web.servlet.DispatcherServlet]-[DEBUG] Successfully completed request
2018-03-03 22:15:31,338 [http-bio-8084-exec-6] [org.springframework.web.servlet.DispatcherServlet]-[DEBUG] DispatcherServlet with name 'taotao-sso' processing GET request for [/favicon.ico]
2018-03-03 22:15:31,338 [http-bio-8084-exec-6] [org.springframework.web.servlet.mvc.method.annotation.RequestMappingHandlerMapping]-[DEBUG] Looking up handler method for path /favicon.ico
2018-03-03 22:15:31,338 [http-bio-8084-exec-6] [org.springframework.web.servlet.mvc.method.annotation.RequestMappingHandlerMapping]-[DEBUG] Did not find handler method for [/favicon.ico]
2018-03-03 22:15:31,338 [http-bio-8084-exec-6] [org.springframework.web.servlet.PageNotFound]-[WARN] No mapping found for HTTP request with URI [/favicon.ico] in DispatcherServlet with name 'taotao-sso'
2018-03-03 22:15:31,338 [http-bio-8084-exec-6] [org.springframework.web.servlet.DispatcherServlet]-[DEBUG] Successfully completed request
2018-03-03 22:15:41,865 [http-bio-8084-exec-6] [org.springframework.web.servlet.DispatcherServlet]-[DEBUG] DispatcherServlet with name 'taotao-sso' processing POST request for [/user/login]
2018-03-03 22:15:41,866 [http-bio-8084-exec-6] [org.springframework.web.servlet.mvc.method.annotation.RequestMappingHandlerMapping]-[DEBUG] Looking up handler method for path /user/login
2018-03-03 22:15:41,866 [http-bio-8084-exec-6] [org.springframework.web.servlet.mvc.method.annotation.RequestMappingHandlerMapping]-[DEBUG] Returning handler method [public com.taotao.common.utils.TaotaoResult com.taotao.sso.controller.UserController.userLogin(java.lang.String,java.lang.String,javax.servlet.http.HttpServletRequest,javax.servlet.http.HttpServletResponse)]
2018-03-03 22:15:41,866 [http-bio-8084-exec-6] [org.springframework.beans.factory.support.DefaultListableBeanFactory]-[DEBUG] Returning cached instance of singleton bean 'userController'
2018-03-03 22:15:41,866 [http-bio-8084-exec-6] [org.mybatis.spring.SqlSessionUtils]-[DEBUG] Creating a new SqlSession
2018-03-03 22:15:41,866 [http-bio-8084-exec-6] [org.mybatis.spring.SqlSessionUtils]-[DEBUG] SqlSession [org.apache.ibatis.session.defaults.DefaultSqlSession@5229d70f] was not registered for synchronization because synchronization is not active
2018-03-03 22:15:41,867 [http-bio-8084-exec-6] [org.springframework.jdbc.datasource.DataSourceUtils]-[DEBUG] Fetching JDBC Connection from DataSource
2018-03-03 22:15:41,867 [http-bio-8084-exec-6] [org.mybatis.spring.transaction.SpringManagedTransaction]-[DEBUG] JDBC Connection [com.mysql.jdbc.JDBC4Connection@4243150] will not be managed by Spring
2018-03-03 22:15:41,867 [http-bio-8084-exec-6] [com.taotao.mapper.TbUserMapper.selectByExample]-[DEBUG] ==>  Preparing: select id, username, password, phone, email, created, updated from tb_user WHERE ( username = ? ) 
2018-03-03 22:15:41,867 [http-bio-8084-exec-6] [com.taotao.mapper.TbUserMapper.selectByExample]-[DEBUG] ==> Parameters: zhaosi(String)
2018-03-03 22:15:41,869 [http-bio-8084-exec-6] [com.taotao.mapper.TbUserMapper.selectByExample]-[DEBUG] <==      Total: 1
2018-03-03 22:15:41,869 [http-bio-8084-exec-6] [org.mybatis.spring.SqlSessionUtils]-[DEBUG] Closing non transactional SqlSession [org.apache.ibatis.session.defaults.DefaultSqlSession@5229d70f]
2018-03-03 22:15:41,869 [http-bio-8084-exec-6] [org.springframework.jdbc.datasource.DataSourceUtils]-[DEBUG] Returning JDBC Connection to DataSource
2018-03-03 22:15:41,872 [http-bio-8084-exec-6] [org.springframework.web.servlet.mvc.method.annotation.ResponseBodyAdviceChain]-[DEBUG] Invoking ResponseBodyAdvice chain for body=com.taotao.common.utils.TaotaoResult@242b9b7c
2018-03-03 22:15:41,872 [http-bio-8084-exec-6] [org.springframework.web.servlet.mvc.method.annotation.ResponseBodyAdviceChain]-[DEBUG] After ResponseBodyAdvice chain body=com.taotao.common.utils.TaotaoResult@242b9b7c
2018-03-03 22:15:41,872 [http-bio-8084-exec-6] [org.springframework.web.servlet.mvc.method.annotation.RequestResponseBodyMethodProcessor]-[DEBUG] Written [com.taotao.common.utils.TaotaoResult@242b9b7c] as "application/json;charset=UTF-8" using [org.springframework.http.converter.json.MappingJackson2HttpMessageConverter@683a44e1]
2018-03-03 22:15:41,872 [http-bio-8084-exec-6] [org.springframework.web.servlet.DispatcherServlet]-[DEBUG] Null ModelAndView returned to DispatcherServlet with name 'taotao-sso': assuming HandlerAdapter completed request handling
2018-03-03 22:15:41,872 [http-bio-8084-exec-6] [org.springframework.web.servlet.DispatcherServlet]-[DEBUG] Successfully completed request
2018-03-03 22:15:43,719 [http-bio-8084-exec-6] [org.springframework.web.servlet.DispatcherServlet]-[DEBUG] DispatcherServlet with name 'taotao-sso' processing GET request for [/user/token/234fd626-046b-44f2-a9da-dd39d2167723]
2018-03-03 22:15:43,719 [http-bio-8084-exec-6] [org.springframework.web.servlet.mvc.method.annotation.RequestMappingHandlerMapping]-[DEBUG] Looking up handler method for path /user/token/234fd626-046b-44f2-a9da-dd39d2167723
2018-03-03 22:15:43,719 [http-bio-8084-exec-6] [org.springframework.web.servlet.mvc.method.annotation.RequestMappingHandlerMapping]-[DEBUG] Returning handler method [public java.lang.Object com.taotao.sso.controller.UserController.getUserByToken(java.lang.String,java.lang.String)]
2018-03-03 22:15:43,719 [http-bio-8084-exec-6] [org.springframework.beans.factory.support.DefaultListableBeanFactory]-[DEBUG] Returning cached instance of singleton bean 'userController'
2018-03-03 22:15:43,719 [http-bio-8084-exec-6] [org.springframework.web.servlet.DispatcherServlet]-[DEBUG] Last-Modified value for [/user/token/234fd626-046b-44f2-a9da-dd39d2167723] is: -1
2018-03-03 22:15:43,722 [http-bio-8084-exec-6] [org.springframework.web.servlet.mvc.method.annotation.ResponseBodyAdviceChain]-[DEBUG] Invoking ResponseBodyAdvice chain for body=org.springframework.http.converter.json.MappingJacksonValue@1698f5d3
2018-03-03 22:15:43,722 [http-bio-8084-exec-6] [org.springframework.web.servlet.mvc.method.annotation.ResponseBodyAdviceChain]-[DEBUG] After ResponseBodyAdvice chain body=org.springframework.http.converter.json.MappingJacksonValue@1698f5d3
2018-03-03 22:15:43,722 [http-bio-8084-exec-6] [org.springframework.web.servlet.mvc.method.annotation.RequestResponseBodyMethodProcessor]-[DEBUG] Written [org.springframework.http.converter.json.MappingJacksonValue@1698f5d3] as "application/json;charset=UTF-8" using [org.springframework.http.converter.json.MappingJackson2HttpMessageConverter@683a44e1]
2018-03-03 22:15:43,722 [http-bio-8084-exec-6] [org.springframework.web.servlet.DispatcherServlet]-[DEBUG] Null ModelAndView returned to DispatcherServlet with name 'taotao-sso': assuming HandlerAdapter completed request handling
2018-03-03 22:15:43,723 [http-bio-8084-exec-6] [org.springframework.web.servlet.DispatcherServlet]-[DEBUG] Successfully completed request
2018-03-03 22:15:48,565 [http-bio-8084-exec-6] [org.springframework.web.servlet.DispatcherServlet]-[DEBUG] DispatcherServlet with name 'taotao-sso' processing GET request for [/user/logout]
2018-03-03 22:15:48,565 [http-bio-8084-exec-6] [org.springframework.web.servlet.mvc.method.annotation.RequestMappingHandlerMapping]-[DEBUG] Looking up handler method for path /user/logout
2018-03-03 22:15:48,565 [http-bio-8084-exec-6] [org.springframework.web.servlet.mvc.method.annotation.RequestMappingHandlerMapping]-[DEBUG] Did not find handler method for [/user/logout]
2018-03-03 22:15:48,565 [http-bio-8084-exec-6] [org.springframework.web.servlet.PageNotFound]-[WARN] No mapping found for HTTP request with URI [/user/logout] in DispatcherServlet with name 'taotao-sso'
2018-03-03 22:15:48,565 [http-bio-8084-exec-6] [org.springframework.web.servlet.DispatcherServlet]-[DEBUG] Successfully completed request
2018-03-03 22:17:43,877 [http-bio-8084-exec-9] [org.springframework.web.servlet.DispatcherServlet]-[DEBUG] DispatcherServlet with name 'taotao-sso' processing GET request for [/user/token/234fd626-046b-44f2-a9da-dd39d2167723]
2018-03-03 22:17:43,877 [http-bio-8084-exec-9] [org.springframework.web.servlet.mvc.method.annotation.RequestMappingHandlerMapping]-[DEBUG] Looking up handler method for path /user/token/234fd626-046b-44f2-a9da-dd39d2167723
2018-03-03 22:17:43,877 [http-bio-8084-exec-9] [org.springframework.web.servlet.mvc.method.annotation.RequestMappingHandlerMapping]-[DEBUG] Returning handler method [public java.lang.Object com.taotao.sso.controller.UserController.getUserByToken(java.lang.String,java.lang.String)]
2018-03-03 22:17:43,877 [http-bio-8084-exec-9] [org.springframework.beans.factory.support.DefaultListableBeanFactory]-[DEBUG] Returning cached instance of singleton bean 'userController'
2018-03-03 22:17:43,877 [http-bio-8084-exec-9] [org.springframework.web.servlet.DispatcherServlet]-[DEBUG] Last-Modified value for [/user/token/234fd626-046b-44f2-a9da-dd39d2167723] is: -1
2018-03-03 22:17:43,882 [http-bio-8084-exec-9] [org.springframework.web.servlet.mvc.method.annotation.ResponseBodyAdviceChain]-[DEBUG] Invoking ResponseBodyAdvice chain for body=org.springframework.http.converter.json.MappingJacksonValue@57082dfe
2018-03-03 22:17:43,882 [http-bio-8084-exec-9] [org.springframework.web.servlet.mvc.method.annotation.ResponseBodyAdviceChain]-[DEBUG] After ResponseBodyAdvice chain body=org.springframework.http.converter.json.MappingJacksonValue@57082dfe
2018-03-03 22:17:43,883 [http-bio-8084-exec-9] [org.springframework.web.servlet.mvc.method.annotation.RequestResponseBodyMethodProcessor]-[DEBUG] Written [org.springframework.http.converter.json.MappingJacksonValue@57082dfe] as "application/json;charset=UTF-8" using [org.springframework.http.converter.json.MappingJackson2HttpMessageConverter@683a44e1]
2018-03-03 22:17:43,883 [http-bio-8084-exec-9] [org.springframework.web.servlet.DispatcherServlet]-[DEBUG] Null ModelAndView returned to DispatcherServlet with name 'taotao-sso': assuming HandlerAdapter completed request handling
2018-03-03 22:17:43,883 [http-bio-8084-exec-9] [org.springframework.web.servlet.DispatcherServlet]-[DEBUG] Successfully completed request
2018-03-03 22:22:38,469 [http-bio-8084-exec-7] [org.springframework.web.servlet.DispatcherServlet]-[DEBUG] DispatcherServlet with name 'taotao-sso' processing GET request for [/user/token/234fd626-046b-44f2-a9da-dd39d2167723]
2018-03-03 22:22:38,470 [http-bio-8084-exec-7] [org.springframework.web.servlet.mvc.method.annotation.RequestMappingHandlerMapping]-[DEBUG] Looking up handler method for path /user/token/234fd626-046b-44f2-a9da-dd39d2167723
2018-03-03 22:22:38,470 [http-bio-8084-exec-7] [org.springframework.web.servlet.mvc.method.annotation.RequestMappingHandlerMapping]-[DEBUG] Returning handler method [public java.lang.Object com.taotao.sso.controller.UserController.getUserByToken(java.lang.String,java.lang.String)]
2018-03-03 22:22:38,470 [http-bio-8084-exec-7] [org.springframework.beans.factory.support.DefaultListableBeanFactory]-[DEBUG] Returning cached instance of singleton bean 'userController'
2018-03-03 22:22:38,470 [http-bio-8084-exec-7] [org.springframework.web.servlet.DispatcherServlet]-[DEBUG] Last-Modified value for [/user/token/234fd626-046b-44f2-a9da-dd39d2167723] is: -1
2018-03-03 22:22:38,475 [http-bio-8084-exec-7] [org.springframework.web.servlet.mvc.method.annotation.ResponseBodyAdviceChain]-[DEBUG] Invoking ResponseBodyAdvice chain for body=org.springframework.http.converter.json.MappingJacksonValue@760c0a7
2018-03-03 22:22:38,475 [http-bio-8084-exec-7] [org.springframework.web.servlet.mvc.method.annotation.ResponseBodyAdviceChain]-[DEBUG] After ResponseBodyAdvice chain body=org.springframework.http.converter.json.MappingJacksonValue@760c0a7
2018-03-03 22:22:38,476 [http-bio-8084-exec-7] [org.springframework.web.servlet.mvc.method.annotation.RequestResponseBodyMethodProcessor]-[DEBUG] Written [org.springframework.http.converter.json.MappingJacksonValue@760c0a7] as "application/json;charset=UTF-8" using [org.springframework.http.converter.json.MappingJackson2HttpMessageConverter@683a44e1]
2018-03-03 22:22:38,476 [http-bio-8084-exec-7] [org.springframework.web.servlet.DispatcherServlet]-[DEBUG] Null ModelAndView returned to DispatcherServlet with name 'taotao-sso': assuming HandlerAdapter completed request handling
2018-03-03 22:22:38,476 [http-bio-8084-exec-7] [org.springframework.web.servlet.DispatcherServlet]-[DEBUG] Successfully completed request
2018-03-03 22:22:40,625 [http-bio-8084-exec-7] [org.springframework.web.servlet.DispatcherServlet]-[DEBUG] DispatcherServlet with name 'taotao-sso' processing GET request for [/user/logout/234fd626-046b-44f2-a9da-dd39d2167723]
2018-03-03 22:22:40,625 [http-bio-8084-exec-7] [org.springframework.web.servlet.mvc.method.annotation.RequestMappingHandlerMapping]-[DEBUG] Looking up handler method for path /user/logout/234fd626-046b-44f2-a9da-dd39d2167723
2018-03-03 22:22:40,626 [http-bio-8084-exec-7] [org.springframework.web.servlet.mvc.method.annotation.RequestMappingHandlerMapping]-[DEBUG] Returning handler method [public java.lang.Object com.taotao.sso.controller.UserController.logoutByToken(java.lang.String,java.lang.String)]
2018-03-03 22:22:40,626 [http-bio-8084-exec-7] [org.springframework.beans.factory.support.DefaultListableBeanFactory]-[DEBUG] Returning cached instance of singleton bean 'userController'
2018-03-03 22:22:40,626 [http-bio-8084-exec-7] [org.springframework.web.servlet.DispatcherServlet]-[DEBUG] Last-Modified value for [/user/logout/234fd626-046b-44f2-a9da-dd39d2167723] is: -1
2018-03-03 22:22:40,630 [http-bio-8084-exec-7] [org.springframework.web.servlet.mvc.method.annotation.ResponseBodyAdviceChain]-[DEBUG] Invoking ResponseBodyAdvice chain for body=com.taotao.common.utils.TaotaoResult@68370792
2018-03-03 22:22:40,630 [http-bio-8084-exec-7] [org.springframework.web.servlet.mvc.method.annotation.ResponseBodyAdviceChain]-[DEBUG] After ResponseBodyAdvice chain body=com.taotao.common.utils.TaotaoResult@68370792
2018-03-03 22:22:40,631 [http-bio-8084-exec-7] [org.springframework.web.servlet.mvc.method.annotation.RequestResponseBodyMethodProcessor]-[DEBUG] Written [com.taotao.common.utils.TaotaoResult@68370792] as "application/json;charset=UTF-8" using [org.springframework.http.converter.json.MappingJackson2HttpMessageConverter@683a44e1]
2018-03-03 22:22:40,631 [http-bio-8084-exec-7] [org.springframework.web.servlet.DispatcherServlet]-[DEBUG] Null ModelAndView returned to DispatcherServlet with name 'taotao-sso': assuming HandlerAdapter completed request handling
2018-03-03 22:22:40,631 [http-bio-8084-exec-7] [org.springframework.web.servlet.DispatcherServlet]-[DEBUG] Successfully completed request
2018-03-03 22:22:57,496 [http-bio-8084-exec-7] [org.springframework.web.servlet.DispatcherServlet]-[DEBUG] DispatcherServlet with name 'taotao-sso' processing GET request for [/user/logout/234fd626-046b-44f2-a9da-dd39d2167723]
2018-03-03 22:22:57,496 [http-bio-8084-exec-7] [org.springframework.web.servlet.mvc.method.annotation.RequestMappingHandlerMapping]-[DEBUG] Looking up handler method for path /user/logout/234fd626-046b-44f2-a9da-dd39d2167723
2018-03-03 22:22:57,497 [http-bio-8084-exec-7] [org.springframework.web.servlet.mvc.method.annotation.RequestMappingHandlerMapping]-[DEBUG] Returning handler method [public java.lang.Object com.taotao.sso.controller.UserController.logoutByToken(java.lang.String,java.lang.String)]
2018-03-03 22:22:57,497 [http-bio-8084-exec-7] [org.springframework.beans.factory.support.DefaultListableBeanFactory]-[DEBUG] Returning cached instance of singleton bean 'userController'
2018-03-03 22:22:57,497 [http-bio-8084-exec-7] [org.springframework.web.servlet.DispatcherServlet]-[DEBUG] Last-Modified value for [/user/logout/234fd626-046b-44f2-a9da-dd39d2167723] is: -1
2018-03-03 22:22:57,499 [http-bio-8084-exec-7] [org.springframework.web.servlet.mvc.method.annotation.ResponseBodyAdviceChain]-[DEBUG] Invoking ResponseBodyAdvice chain for body=com.taotao.common.utils.TaotaoResult@279e47f2
2018-03-03 22:22:57,499 [http-bio-8084-exec-7] [org.springframework.web.servlet.mvc.method.annotation.ResponseBodyAdviceChain]-[DEBUG] After ResponseBodyAdvice chain body=com.taotao.common.utils.TaotaoResult@279e47f2
2018-03-03 22:22:57,500 [http-bio-8084-exec-7] [org.springframework.web.servlet.mvc.method.annotation.RequestResponseBodyMethodProcessor]-[DEBUG] Written [com.taotao.common.utils.TaotaoResult@279e47f2] as "application/json;charset=UTF-8" using [org.springframework.http.converter.json.MappingJackson2HttpMessageConverter@683a44e1]
2018-03-03 22:22:57,500 [http-bio-8084-exec-7] [org.springframework.web.servlet.DispatcherServlet]-[DEBUG] Null ModelAndView returned to DispatcherServlet with name 'taotao-sso': assuming HandlerAdapter completed request handling
2018-03-03 22:22:57,500 [http-bio-8084-exec-7] [org.springframework.web.servlet.DispatcherServlet]-[DEBUG] Successfully completed request
2018-03-03 22:23:03,824 [http-bio-8084-exec-7] [org.springframework.web.servlet.DispatcherServlet]-[DEBUG] DispatcherServlet with name 'taotao-sso' processing GET request for [/user/token/234fd626-046b-44f2-a9da-dd39d2167723]
2018-03-03 22:23:03,824 [http-bio-8084-exec-7] [org.springframework.web.servlet.mvc.method.annotation.RequestMappingHandlerMapping]-[DEBUG] Looking up handler method for path /user/token/234fd626-046b-44f2-a9da-dd39d2167723
2018-03-03 22:23:03,825 [http-bio-8084-exec-7] [org.springframework.web.servlet.mvc.method.annotation.RequestMappingHandlerMapping]-[DEBUG] Returning handler method [public java.lang.Object com.taotao.sso.controller.UserController.getUserByToken(java.lang.String,java.lang.String)]
2018-03-03 22:23:03,825 [http-bio-8084-exec-7] [org.springframework.beans.factory.support.DefaultListableBeanFactory]-[DEBUG] Returning cached instance of singleton bean 'userController'
2018-03-03 22:23:03,825 [http-bio-8084-exec-7] [org.springframework.web.servlet.DispatcherServlet]-[DEBUG] Last-Modified value for [/user/token/234fd626-046b-44f2-a9da-dd39d2167723] is: -1
2018-03-03 22:23:03,828 [http-bio-8084-exec-7] [org.springframework.web.servlet.mvc.method.annotation.ResponseBodyAdviceChain]-[DEBUG] Invoking ResponseBodyAdvice chain for body=org.springframework.http.converter.json.MappingJacksonValue@267ade5e
2018-03-03 22:23:03,828 [http-bio-8084-exec-7] [org.springframework.web.servlet.mvc.method.annotation.ResponseBodyAdviceChain]-[DEBUG] After ResponseBodyAdvice chain body=org.springframework.http.converter.json.MappingJacksonValue@267ade5e
2018-03-03 22:23:03,829 [http-bio-8084-exec-7] [org.springframework.web.servlet.mvc.method.annotation.RequestResponseBodyMethodProcessor]-[DEBUG] Written [org.springframework.http.converter.json.MappingJacksonValue@267ade5e] as "application/json;charset=UTF-8" using [org.springframework.http.converter.json.MappingJackson2HttpMessageConverter@683a44e1]
2018-03-03 22:23:03,829 [http-bio-8084-exec-7] [org.springframework.web.servlet.DispatcherServlet]-[DEBUG] Null ModelAndView returned to DispatcherServlet with name 'taotao-sso': assuming HandlerAdapter completed request handling
2018-03-03 22:23:03,829 [http-bio-8084-exec-7] [org.springframework.web.servlet.DispatcherServlet]-[DEBUG] Successfully completed request
2018-03-03 22:23:05,953 [http-bio-8084-exec-7] [org.springframework.web.servlet.DispatcherServlet]-[DEBUG] DispatcherServlet with name 'taotao-sso' processing GET request for [/page/login]
2018-03-03 22:23:05,953 [http-bio-8084-exec-7] [org.springframework.web.servlet.mvc.method.annotation.RequestMappingHandlerMapping]-[DEBUG] Looking up handler method for path /page/login
2018-03-03 22:23:05,953 [http-bio-8084-exec-7] [org.springframework.web.servlet.mvc.method.annotation.RequestMappingHandlerMapping]-[DEBUG] Returning handler method [public java.lang.String com.taotao.sso.controller.PageController.showLogin(java.lang.String,org.springframework.ui.Model)]
2018-03-03 22:23:05,953 [http-bio-8084-exec-7] [org.springframework.beans.factory.support.DefaultListableBeanFactory]-[DEBUG] Returning cached instance of singleton bean 'pageController'
2018-03-03 22:23:05,953 [http-bio-8084-exec-7] [org.springframework.web.servlet.DispatcherServlet]-[DEBUG] Last-Modified value for [/page/login] is: -1
2018-03-03 22:23:05,953 [http-bio-8084-exec-7] [org.springframework.web.servlet.DispatcherServlet]-[DEBUG] Rendering view [org.springframework.web.servlet.view.InternalResourceView: name 'login'; URL [/WEB-INF/jsp/login.jsp]] in DispatcherServlet with name 'taotao-sso'
2018-03-03 22:23:05,954 [http-bio-8084-exec-7] [org.springframework.web.servlet.view.InternalResourceView]-[DEBUG] Removed model object 'redirect' from request in view with name 'login'
2018-03-03 22:23:05,954 [http-bio-8084-exec-7] [org.springframework.web.servlet.view.InternalResourceView]-[DEBUG] Forwarding to resource [/WEB-INF/jsp/login.jsp] in InternalResourceView 'login'
2018-03-03 22:23:05,956 [http-bio-8084-exec-7] [org.springframework.web.servlet.DispatcherServlet]-[DEBUG] Successfully completed request
2018-03-03 22:23:14,293 [http-bio-8084-exec-7] [org.springframework.web.servlet.DispatcherServlet]-[DEBUG] DispatcherServlet with name 'taotao-sso' processing POST request for [/user/login]
2018-03-03 22:23:14,293 [http-bio-8084-exec-7] [org.springframework.web.servlet.mvc.method.annotation.RequestMappingHandlerMapping]-[DEBUG] Looking up handler method for path /user/login
2018-03-03 22:23:14,293 [http-bio-8084-exec-7] [org.springframework.web.servlet.mvc.method.annotation.RequestMappingHandlerMapping]-[DEBUG] Returning handler method [public com.taotao.common.utils.TaotaoResult com.taotao.sso.controller.UserController.userLogin(java.lang.String,java.lang.String,javax.servlet.http.HttpServletRequest,javax.servlet.http.HttpServletResponse)]
2018-03-03 22:23:14,293 [http-bio-8084-exec-7] [org.springframework.beans.factory.support.DefaultListableBeanFactory]-[DEBUG] Returning cached instance of singleton bean 'userController'
2018-03-03 22:23:14,294 [http-bio-8084-exec-7] [org.mybatis.spring.SqlSessionUtils]-[DEBUG] Creating a new SqlSession
2018-03-03 22:23:14,294 [http-bio-8084-exec-7] [org.mybatis.spring.SqlSessionUtils]-[DEBUG] SqlSession [org.apache.ibatis.session.defaults.DefaultSqlSession@3a2cfe28] was not registered for synchronization because synchronization is not active
2018-03-03 22:23:14,294 [http-bio-8084-exec-7] [org.springframework.jdbc.datasource.DataSourceUtils]-[DEBUG] Fetching JDBC Connection from DataSource
2018-03-03 22:23:14,295 [http-bio-8084-exec-7] [org.mybatis.spring.transaction.SpringManagedTransaction]-[DEBUG] JDBC Connection [com.mysql.jdbc.JDBC4Connection@4243150] will not be managed by Spring
2018-03-03 22:23:14,295 [http-bio-8084-exec-7] [com.taotao.mapper.TbUserMapper.selectByExample]-[DEBUG] ==>  Preparing: select id, username, password, phone, email, created, updated from tb_user WHERE ( username = ? ) 
2018-03-03 22:23:14,295 [http-bio-8084-exec-7] [com.taotao.mapper.TbUserMapper.selectByExample]-[DEBUG] ==> Parameters: zhangsan6(String)
2018-03-03 22:23:14,296 [http-bio-8084-exec-7] [com.taotao.mapper.TbUserMapper.selectByExample]-[DEBUG] <==      Total: 1
2018-03-03 22:23:14,296 [http-bio-8084-exec-7] [org.mybatis.spring.SqlSessionUtils]-[DEBUG] Closing non transactional SqlSession [org.apache.ibatis.session.defaults.DefaultSqlSession@3a2cfe28]
2018-03-03 22:23:14,296 [http-bio-8084-exec-7] [org.springframework.jdbc.datasource.DataSourceUtils]-[DEBUG] Returning JDBC Connection to DataSource
2018-03-03 22:23:14,298 [http-bio-8084-exec-7] [org.springframework.web.servlet.mvc.method.annotation.ResponseBodyAdviceChain]-[DEBUG] Invoking ResponseBodyAdvice chain for body=com.taotao.common.utils.TaotaoResult@12fbd5fa
2018-03-03 22:23:14,299 [http-bio-8084-exec-7] [org.springframework.web.servlet.mvc.method.annotation.ResponseBodyAdviceChain]-[DEBUG] After ResponseBodyAdvice chain body=com.taotao.common.utils.TaotaoResult@12fbd5fa
2018-03-03 22:23:14,301 [http-bio-8084-exec-7] [org.springframework.web.servlet.mvc.method.annotation.RequestResponseBodyMethodProcessor]-[DEBUG] Written [com.taotao.common.utils.TaotaoResult@12fbd5fa] as "application/json;charset=UTF-8" using [org.springframework.http.converter.json.MappingJackson2HttpMessageConverter@683a44e1]
2018-03-03 22:23:14,301 [http-bio-8084-exec-7] [org.springframework.web.servlet.DispatcherServlet]-[DEBUG] Null ModelAndView returned to DispatcherServlet with name 'taotao-sso': assuming HandlerAdapter completed request handling
2018-03-03 22:23:14,301 [http-bio-8084-exec-7] [org.springframework.web.servlet.DispatcherServlet]-[DEBUG] Successfully completed request
2018-03-03 22:23:15,640 [http-bio-8084-exec-7] [org.springframework.web.servlet.DispatcherServlet]-[DEBUG] DispatcherServlet with name 'taotao-sso' processing GET request for [/user/token/c481549e-aaf7-494f-9c20-0f3da12c0b52]
2018-03-03 22:23:15,640 [http-bio-8084-exec-7] [org.springframework.web.servlet.mvc.method.annotation.RequestMappingHandlerMapping]-[DEBUG] Looking up handler method for path /user/token/c481549e-aaf7-494f-9c20-0f3da12c0b52
2018-03-03 22:23:15,640 [http-bio-8084-exec-7] [org.springframework.web.servlet.mvc.method.annotation.RequestMappingHandlerMapping]-[DEBUG] Returning handler method [public java.lang.Object com.taotao.sso.controller.UserController.getUserByToken(java.lang.String,java.lang.String)]
2018-03-03 22:23:15,640 [http-bio-8084-exec-7] [org.springframework.beans.factory.support.DefaultListableBeanFactory]-[DEBUG] Returning cached instance of singleton bean 'userController'
2018-03-03 22:23:15,640 [http-bio-8084-exec-7] [org.springframework.web.servlet.DispatcherServlet]-[DEBUG] Last-Modified value for [/user/token/c481549e-aaf7-494f-9c20-0f3da12c0b52] is: -1
2018-03-03 22:23:15,643 [http-bio-8084-exec-7] [org.springframework.web.servlet.mvc.method.annotation.ResponseBodyAdviceChain]-[DEBUG] Invoking ResponseBodyAdvice chain for body=org.springframework.http.converter.json.MappingJacksonValue@3a2fa08a
2018-03-03 22:23:15,643 [http-bio-8084-exec-7] [org.springframework.web.servlet.mvc.method.annotation.ResponseBodyAdviceChain]-[DEBUG] After ResponseBodyAdvice chain body=org.springframework.http.converter.json.MappingJacksonValue@3a2fa08a
2018-03-03 22:23:15,644 [http-bio-8084-exec-7] [org.springframework.web.servlet.mvc.method.annotation.RequestResponseBodyMethodProcessor]-[DEBUG] Written [org.springframework.http.converter.json.MappingJacksonValue@3a2fa08a] as "application/json;charset=UTF-8" using [org.springframework.http.converter.json.MappingJackson2HttpMessageConverter@683a44e1]
2018-03-03 22:23:15,645 [http-bio-8084-exec-7] [org.springframework.web.servlet.DispatcherServlet]-[DEBUG] Null ModelAndView returned to DispatcherServlet with name 'taotao-sso': assuming HandlerAdapter completed request handling
2018-03-03 22:23:15,645 [http-bio-8084-exec-7] [org.springframework.web.servlet.DispatcherServlet]-[DEBUG] Successfully completed request
2018-03-03 22:23:17,268 [http-bio-8084-exec-7] [org.springframework.web.servlet.DispatcherServlet]-[DEBUG] DispatcherServlet with name 'taotao-sso' processing GET request for [/user/logout/c481549e-aaf7-494f-9c20-0f3da12c0b52]
2018-03-03 22:23:17,268 [http-bio-8084-exec-7] [org.springframework.web.servlet.mvc.method.annotation.RequestMappingHandlerMapping]-[DEBUG] Looking up handler method for path /user/logout/c481549e-aaf7-494f-9c20-0f3da12c0b52
2018-03-03 22:23:17,268 [http-bio-8084-exec-7] [org.springframework.web.servlet.mvc.method.annotation.RequestMappingHandlerMapping]-[DEBUG] Returning handler method [public java.lang.Object com.taotao.sso.controller.UserController.logoutByToken(java.lang.String,java.lang.String)]
2018-03-03 22:23:17,269 [http-bio-8084-exec-7] [org.springframework.beans.factory.support.DefaultListableBeanFactory]-[DEBUG] Returning cached instance of singleton bean 'userController'
2018-03-03 22:23:17,269 [http-bio-8084-exec-7] [org.springframework.web.servlet.DispatcherServlet]-[DEBUG] Last-Modified value for [/user/logout/c481549e-aaf7-494f-9c20-0f3da12c0b52] is: -1
2018-03-03 22:23:17,271 [http-bio-8084-exec-7] [org.springframework.web.servlet.mvc.method.annotation.ResponseBodyAdviceChain]-[DEBUG] Invoking ResponseBodyAdvice chain for body=com.taotao.common.utils.TaotaoResult@485c48d9
2018-03-03 22:23:17,271 [http-bio-8084-exec-7] [org.springframework.web.servlet.mvc.method.annotation.ResponseBodyAdviceChain]-[DEBUG] After ResponseBodyAdvice chain body=com.taotao.common.utils.TaotaoResult@485c48d9
2018-03-03 22:23:17,272 [http-bio-8084-exec-7] [org.springframework.web.servlet.mvc.method.annotation.RequestResponseBodyMethodProcessor]-[DEBUG] Written [com.taotao.common.utils.TaotaoResult@485c48d9] as "application/json;charset=UTF-8" using [org.springframework.http.converter.json.MappingJackson2HttpMessageConverter@683a44e1]
2018-03-03 22:23:17,272 [http-bio-8084-exec-7] [org.springframework.web.servlet.DispatcherServlet]-[DEBUG] Null ModelAndView returned to DispatcherServlet with name 'taotao-sso': assuming HandlerAdapter completed request handling
2018-03-03 22:23:17,272 [http-bio-8084-exec-7] [org.springframework.web.servlet.DispatcherServlet]-[DEBUG] Successfully completed request
